{"C:\\Users\\arrah\\Openclassrooms\\P9_arrahmani_samir\\Billed-app-FR-Front\\src\\constants\\routes.js": {"path":"C:\\Users\\arrah\\Openclassrooms\\P9_arrahmani_samir\\Billed-app-FR-Front\\src\\constants\\routes.js","statementMap":{"0":{"start":{"line":6,"column":27},"end":{"line":11,"column":1}},"1":{"start":{"line":13,"column":22},"end":{"line":26,"column":1}},"2":{"start":{"line":14,"column":2},"end":{"line":25,"column":3}},"3":{"start":{"line":16,"column":6},"end":{"line":16,"column":44}},"4":{"start":{"line":18,"column":6},"end":{"line":18,"column":44}},"5":{"start":{"line":20,"column":6},"end":{"line":20,"column":24}},"6":{"start":{"line":22,"column":6},"end":{"line":22,"column":48}},"7":{"start":{"line":24,"column":6},"end":{"line":24,"column":44}}},"fnMap":{"0":{"name":"(anonymous_0)","decl":{"start":{"line":13,"column":22},"end":{"line":13,"column":23}},"loc":{"start":{"line":13,"column":60},"end":{"line":26,"column":1}},"line":13}},"branchMap":{"0":{"loc":{"start":{"line":14,"column":2},"end":{"line":25,"column":3}},"type":"switch","locations":[{"start":{"line":15,"column":4},"end":{"line":16,"column":44}},{"start":{"line":17,"column":4},"end":{"line":18,"column":44}},{"start":{"line":19,"column":4},"end":{"line":20,"column":24}},{"start":{"line":21,"column":4},"end":{"line":22,"column":48}},{"start":{"line":23,"column":4},"end":{"line":24,"column":44}}],"line":14}},"s":{"0":6,"1":6,"2":26,"3":7,"4":5,"5":1,"6":12,"7":1},"f":{"0":26},"b":{"0":[7,5,1,12,1]},"_coverageSchema":"1a1c01bbd47fc00a2c39e90264f33305004495a9","hash":"1283ae3149311746f611a6f8c03fda04748e6413"}
,"C:\\Users\\arrah\\Openclassrooms\\P9_arrahmani_samir\\Billed-app-FR-Front\\src\\constants\\usersTest.js": {"path":"C:\\Users\\arrah\\Openclassrooms\\P9_arrahmani_samir\\Billed-app-FR-Front\\src\\constants\\usersTest.js","statementMap":{},"fnMap":{},"branchMap":{},"s":{},"f":{},"b":{},"_coverageSchema":"1a1c01bbd47fc00a2c39e90264f33305004495a9","hash":"c2a0e988ff21ad33a08a6e4dfe68b20ef1a5b436"}
,"C:\\Users\\arrah\\Openclassrooms\\P9_arrahmani_samir\\Billed-app-FR-Front\\src\\containers\\Bills.js": {"path":"C:\\Users\\arrah\\Openclassrooms\\P9_arrahmani_samir\\Billed-app-FR-Front\\src\\containers\\Bills.js","statementMap":{"0":{"start":{"line":7,"column":4},"end":{"line":7,"column":28}},"1":{"start":{"line":8,"column":4},"end":{"line":8,"column":32}},"2":{"start":{"line":9,"column":4},"end":{"line":9,"column":22}},"3":{"start":{"line":10,"column":26},"end":{"line":10,"column":86}},"4":{"start":{"line":11,"column":4},"end":{"line":11,"column":87}},"5":{"start":{"line":11,"column":23},"end":{"line":11,"column":87}},"6":{"start":{"line":12,"column":20},"end":{"line":12,"column":76}},"7":{"start":{"line":13,"column":4},"end":{"line":15,"column":6}},"8":{"start":{"line":13,"column":17},"end":{"line":15,"column":6}},"9":{"start":{"line":14,"column":6},"end":{"line":14,"column":73}},"10":{"start":{"line":14,"column":43},"end":{"line":14,"column":72}},"11":{"start":{"line":16,"column":4},"end":{"line":16,"column":52}},"12":{"start":{"line":19,"column":23},"end":{"line":21,"column":3}},"13":{"start":{"line":20,"column":4},"end":{"line":20,"column":43}},"14":{"start":{"line":23,"column":23},"end":{"line":29,"column":3}},"15":{"start":{"line":24,"column":20},"end":{"line":24,"column":54}},"16":{"start":{"line":25,"column":21},"end":{"line":25,"column":63}},"17":{"start":{"line":26,"column":4},"end":{"line":26,"column":168}},"18":{"start":{"line":27,"column":4},"end":{"line":27,"column":84}},"19":{"start":{"line":27,"column":54},"end":{"line":27,"column":84}},"20":{"start":{"line":31,"column":13},"end":{"line":58,"column":3}},"21":{"start":{"line":32,"column":4},"end":{"line":57,"column":5}},"22":{"start":{"line":33,"column":6},"end":{"line":56,"column":10}},"23":{"start":{"line":37,"column":10},"end":{"line":55,"column":14}},"24":{"start":{"line":39,"column":14},"end":{"line":54,"column":15}},"25":{"start":{"line":40,"column":16},"end":{"line":44,"column":17}},"26":{"start":{"line":48,"column":16},"end":{"line":48,"column":42}},"27":{"start":{"line":49,"column":16},"end":{"line":53,"column":17}}},"fnMap":{"0":{"name":"(anonymous_0)","decl":{"start":{"line":6,"column":2},"end":{"line":6,"column":3}},"loc":{"start":{"line":6,"column":59},"end":{"line":17,"column":3}},"line":6},"1":{"name":"(anonymous_1)","decl":{"start":{"line":13,"column":33},"end":{"line":13,"column":34}},"loc":{"start":{"line":13,"column":41},"end":{"line":15,"column":5}},"line":13},"2":{"name":"(anonymous_2)","decl":{"start":{"line":14,"column":37},"end":{"line":14,"column":38}},"loc":{"start":{"line":14,"column":43},"end":{"line":14,"column":72}},"line":14},"3":{"name":"(anonymous_3)","decl":{"start":{"line":19,"column":23},"end":{"line":19,"column":24}},"loc":{"start":{"line":19,"column":29},"end":{"line":21,"column":3}},"line":19},"4":{"name":"(anonymous_4)","decl":{"start":{"line":23,"column":23},"end":{"line":23,"column":24}},"loc":{"start":{"line":23,"column":33},"end":{"line":29,"column":3}},"line":23},"5":{"name":"(anonymous_5)","decl":{"start":{"line":31,"column":13},"end":{"line":31,"column":14}},"loc":{"start":{"line":31,"column":19},"end":{"line":58,"column":3}},"line":31},"6":{"name":"(anonymous_6)","decl":{"start":{"line":36,"column":14},"end":{"line":36,"column":15}},"loc":{"start":{"line":36,"column":26},"end":{"line":56,"column":9}},"line":36},"7":{"name":"(anonymous_7)","decl":{"start":{"line":38,"column":17},"end":{"line":38,"column":18}},"loc":{"start":{"line":38,"column":24},"end":{"line":55,"column":13}},"line":38}},"branchMap":{"0":{"loc":{"start":{"line":11,"column":4},"end":{"line":11,"column":87}},"type":"if","locations":[{"start":{"line":11,"column":4},"end":{"line":11,"column":87}},{"start":{"line":11,"column":4},"end":{"line":11,"column":87}}],"line":11},"1":{"loc":{"start":{"line":13,"column":4},"end":{"line":15,"column":6}},"type":"if","locations":[{"start":{"line":13,"column":4},"end":{"line":15,"column":6}},{"start":{"line":13,"column":4},"end":{"line":15,"column":6}}],"line":13},"2":{"loc":{"start":{"line":27,"column":4},"end":{"line":27,"column":84}},"type":"if","locations":[{"start":{"line":27,"column":4},"end":{"line":27,"column":84}},{"start":{"line":27,"column":4},"end":{"line":27,"column":84}}],"line":27},"3":{"loc":{"start":{"line":32,"column":4},"end":{"line":57,"column":5}},"type":"if","locations":[{"start":{"line":32,"column":4},"end":{"line":57,"column":5}},{"start":{"line":32,"column":4},"end":{"line":57,"column":5}}],"line":32}},"s":{"0":1,"1":1,"2":1,"3":1,"4":1,"5":0,"6":1,"7":1,"8":1,"9":0,"10":0,"11":1,"12":1,"13":0,"14":1,"15":0,"16":0,"17":0,"18":0,"19":0,"20":1,"21":1,"22":1,"23":0,"24":0,"25":0,"26":0,"27":0},"f":{"0":1,"1":0,"2":0,"3":0,"4":0,"5":1,"6":0,"7":0},"b":{"0":[0,1],"1":[1,0],"2":[0,0],"3":[1,0]},"_coverageSchema":"1a1c01bbd47fc00a2c39e90264f33305004495a9","hash":"fb7d02c496b0439439482fed27869a6e0b8cdec1"}
,"C:\\Users\\arrah\\Openclassrooms\\P9_arrahmani_samir\\Billed-app-FR-Front\\src\\containers\\Dashboard.js": {"path":"C:\\Users\\arrah\\Openclassrooms\\P9_arrahmani_samir\\Billed-app-FR-Front\\src\\containers\\Dashboard.js","statementMap":{"0":{"start":{"line":8,"column":29},"end":{"line":28,"column":1}},"1":{"start":{"line":9,"column":2},"end":{"line":27,"column":11}},"2":{"start":{"line":14,"column":6},"end":{"line":24,"column":7}},"3":{"start":{"line":15,"column":8},"end":{"line":15,"column":50}},"4":{"start":{"line":26,"column":6},"end":{"line":26,"column":28}},"5":{"start":{"line":30,"column":20},"end":{"line":53,"column":1}},"6":{"start":{"line":31,"column":28},"end":{"line":31,"column":52}},"7":{"start":{"line":32,"column":20},"end":{"line":33,"column":40}},"8":{"start":{"line":34,"column":19},"end":{"line":35,"column":55}},"9":{"start":{"line":37,"column":2},"end":{"line":52,"column":4}},"10":{"start":{"line":55,"column":21},"end":{"line":57,"column":1}},"11":{"start":{"line":56,"column":2},"end":{"line":56,"column":76}},"12":{"start":{"line":56,"column":51},"end":{"line":56,"column":61}},"13":{"start":{"line":59,"column":25},"end":{"line":68,"column":1}},"14":{"start":{"line":60,"column":2},"end":{"line":67,"column":3}},"15":{"start":{"line":62,"column":6},"end":{"line":62,"column":22}},"16":{"start":{"line":64,"column":6},"end":{"line":64,"column":23}},"17":{"start":{"line":66,"column":6},"end":{"line":66,"column":22}},"18":{"start":{"line":72,"column":4},"end":{"line":72,"column":28}},"19":{"start":{"line":73,"column":4},"end":{"line":73,"column":32}},"20":{"start":{"line":74,"column":4},"end":{"line":74,"column":22}},"21":{"start":{"line":75,"column":4},"end":{"line":75,"column":71}},"22":{"start":{"line":75,"column":35},"end":{"line":75,"column":70}},"23":{"start":{"line":76,"column":4},"end":{"line":76,"column":71}},"24":{"start":{"line":76,"column":35},"end":{"line":76,"column":70}},"25":{"start":{"line":77,"column":4},"end":{"line":77,"column":71}},"26":{"start":{"line":77,"column":35},"end":{"line":77,"column":70}},"27":{"start":{"line":78,"column":4},"end":{"line":78,"column":42}},"28":{"start":{"line":81,"column":23},"end":{"line":86,"column":3}},"29":{"start":{"line":82,"column":20},"end":{"line":82,"column":58}},"30":{"start":{"line":83,"column":21},"end":{"line":83,"column":69}},"31":{"start":{"line":84,"column":4},"end":{"line":84,"column":144}},"32":{"start":{"line":85,"column":4},"end":{"line":85,"column":96}},"33":{"start":{"line":85,"column":60},"end":{"line":85,"column":96}},"34":{"start":{"line":91,"column":4},"end":{"line":91,"column":32}},"35":{"start":{"line":92,"column":4},"end":{"line":92,"column":75}},"36":{"start":{"line":92,"column":59},"end":{"line":92,"column":75}},"37":{"start":{"line":93,"column":4},"end":{"line":93,"column":71}},"38":{"start":{"line":93,"column":54},"end":{"line":93,"column":71}},"39":{"start":{"line":94,"column":4},"end":{"line":110,"column":5}},"40":{"start":{"line":95,"column":6},"end":{"line":97,"column":8}},"41":{"start":{"line":96,"column":8},"end":{"line":96,"column":59}},"42":{"start":{"line":98,"column":6},"end":{"line":98,"column":60}},"43":{"start":{"line":99,"column":6},"end":{"line":99,"column":69}},"44":{"start":{"line":100,"column":6},"end":{"line":100,"column":50}},"45":{"start":{"line":101,"column":6},"end":{"line":101,"column":20}},"46":{"start":{"line":103,"column":6},"end":{"line":103,"column":60}},"47":{"start":{"line":105,"column":6},"end":{"line":107,"column":8}},"48":{"start":{"line":108,"column":6},"end":{"line":108,"column":50}},"49":{"start":{"line":109,"column":6},"end":{"line":109,"column":20}},"50":{"start":{"line":111,"column":4},"end":{"line":111,"column":51}},"51":{"start":{"line":112,"column":4},"end":{"line":112,"column":72}},"52":{"start":{"line":112,"column":39},"end":{"line":112,"column":71}},"53":{"start":{"line":113,"column":4},"end":{"line":113,"column":72}},"54":{"start":{"line":113,"column":39},"end":{"line":113,"column":71}},"55":{"start":{"line":116,"column":23},"end":{"line":124,"column":3}},"56":{"start":{"line":117,"column":20},"end":{"line":121,"column":5}},"57":{"start":{"line":122,"column":4},"end":{"line":122,"column":28}},"58":{"start":{"line":123,"column":4},"end":{"line":123,"column":45}},"59":{"start":{"line":126,"column":23},"end":{"line":134,"column":3}},"60":{"start":{"line":127,"column":20},"end":{"line":131,"column":5}},"61":{"start":{"line":132,"column":4},"end":{"line":132,"column":28}},"62":{"start":{"line":133,"column":4},"end":{"line":133,"column":45}},"63":{"start":{"line":139,"column":4},"end":{"line":139,"column":32}},"64":{"start":{"line":140,"column":4},"end":{"line":140,"column":76}},"65":{"start":{"line":140,"column":60},"end":{"line":140,"column":76}},"66":{"start":{"line":141,"column":4},"end":{"line":141,"column":76}},"67":{"start":{"line":141,"column":58},"end":{"line":141,"column":76}},"68":{"start":{"line":142,"column":4},"end":{"line":152,"column":5}},"69":{"start":{"line":143,"column":6},"end":{"line":143,"column":68}},"70":{"start":{"line":144,"column":6},"end":{"line":145,"column":65}},"71":{"start":{"line":146,"column":6},"end":{"line":146,"column":20}},"72":{"start":{"line":148,"column":6},"end":{"line":148,"column":69}},"73":{"start":{"line":149,"column":6},"end":{"line":150,"column":17}},"74":{"start":{"line":151,"column":6},"end":{"line":151,"column":20}},"75":{"start":{"line":154,"column":4},"end":{"line":156,"column":6}},"76":{"start":{"line":155,"column":6},"end":{"line":155,"column":83}},"77":{"start":{"line":155,"column":45},"end":{"line":155,"column":82}},"78":{"start":{"line":158,"column":4},"end":{"line":158,"column":16}},"79":{"start":{"line":162,"column":21},"end":{"line":180,"column":3}},"80":{"start":{"line":163,"column":4},"end":{"line":179,"column":5}},"81":{"start":{"line":164,"column":6},"end":{"line":178,"column":10}},"82":{"start":{"line":168,"column":10},"end":{"line":174,"column":15}},"83":{"start":{"line":169,"column":25},"end":{"line":174,"column":13}},"84":{"start":{"line":177,"column":10},"end":{"line":177,"column":21}}},"fnMap":{"0":{"name":"(anonymous_0)","decl":{"start":{"line":8,"column":29},"end":{"line":8,"column":30}},"loc":{"start":{"line":8,"column":47},"end":{"line":28,"column":1}},"line":8},"1":{"name":"(anonymous_1)","decl":{"start":{"line":10,"column":16},"end":{"line":10,"column":17}},"loc":{"start":{"line":10,"column":24},"end":{"line":27,"column":5}},"line":10},"2":{"name":"(anonymous_2)","decl":{"start":{"line":30,"column":20},"end":{"line":30,"column":21}},"loc":{"start":{"line":30,"column":30},"end":{"line":53,"column":1}},"line":30},"3":{"name":"(anonymous_3)","decl":{"start":{"line":55,"column":21},"end":{"line":55,"column":22}},"loc":{"start":{"line":55,"column":32},"end":{"line":57,"column":1}},"line":55},"4":{"name":"(anonymous_4)","decl":{"start":{"line":56,"column":43},"end":{"line":56,"column":44}},"loc":{"start":{"line":56,"column":51},"end":{"line":56,"column":61}},"line":56},"5":{"name":"(anonymous_5)","decl":{"start":{"line":59,"column":25},"end":{"line":59,"column":26}},"loc":{"start":{"line":59,"column":36},"end":{"line":68,"column":1}},"line":59},"6":{"name":"(anonymous_6)","decl":{"start":{"line":71,"column":2},"end":{"line":71,"column":3}},"loc":{"start":{"line":71,"column":66},"end":{"line":79,"column":3}},"line":71},"7":{"name":"(anonymous_7)","decl":{"start":{"line":75,"column":28},"end":{"line":75,"column":29}},"loc":{"start":{"line":75,"column":35},"end":{"line":75,"column":70}},"line":75},"8":{"name":"(anonymous_8)","decl":{"start":{"line":76,"column":28},"end":{"line":76,"column":29}},"loc":{"start":{"line":76,"column":35},"end":{"line":76,"column":70}},"line":76},"9":{"name":"(anonymous_9)","decl":{"start":{"line":77,"column":28},"end":{"line":77,"column":29}},"loc":{"start":{"line":77,"column":35},"end":{"line":77,"column":70}},"line":77},"10":{"name":"(anonymous_10)","decl":{"start":{"line":81,"column":23},"end":{"line":81,"column":24}},"loc":{"start":{"line":81,"column":29},"end":{"line":86,"column":3}},"line":81},"11":{"name":"(anonymous_11)","decl":{"start":{"line":90,"column":2},"end":{"line":90,"column":3}},"loc":{"start":{"line":90,"column":35},"end":{"line":114,"column":3}},"line":90},"12":{"name":"(anonymous_12)","decl":{"start":{"line":95,"column":20},"end":{"line":95,"column":21}},"loc":{"start":{"line":95,"column":25},"end":{"line":97,"column":7}},"line":95},"13":{"name":"(anonymous_13)","decl":{"start":{"line":112,"column":32},"end":{"line":112,"column":33}},"loc":{"start":{"line":112,"column":39},"end":{"line":112,"column":71}},"line":112},"14":{"name":"(anonymous_14)","decl":{"start":{"line":113,"column":32},"end":{"line":113,"column":33}},"loc":{"start":{"line":113,"column":39},"end":{"line":113,"column":71}},"line":113},"15":{"name":"(anonymous_15)","decl":{"start":{"line":116,"column":23},"end":{"line":116,"column":24}},"loc":{"start":{"line":116,"column":36},"end":{"line":124,"column":3}},"line":116},"16":{"name":"(anonymous_16)","decl":{"start":{"line":126,"column":23},"end":{"line":126,"column":24}},"loc":{"start":{"line":126,"column":36},"end":{"line":134,"column":3}},"line":126},"17":{"name":"(anonymous_17)","decl":{"start":{"line":138,"column":2},"end":{"line":138,"column":3}},"loc":{"start":{"line":138,"column":37},"end":{"line":160,"column":3}},"line":138},"18":{"name":"(anonymous_18)","decl":{"start":{"line":154,"column":18},"end":{"line":154,"column":19}},"loc":{"start":{"line":154,"column":26},"end":{"line":156,"column":5}},"line":154},"19":{"name":"(anonymous_19)","decl":{"start":{"line":155,"column":38},"end":{"line":155,"column":39}},"loc":{"start":{"line":155,"column":45},"end":{"line":155,"column":82}},"line":155},"20":{"name":"(anonymous_20)","decl":{"start":{"line":162,"column":21},"end":{"line":162,"column":22}},"loc":{"start":{"line":162,"column":27},"end":{"line":180,"column":3}},"line":162},"21":{"name":"(anonymous_21)","decl":{"start":{"line":167,"column":14},"end":{"line":167,"column":15}},"loc":{"start":{"line":167,"column":26},"end":{"line":175,"column":9}},"line":167},"22":{"name":"(anonymous_22)","decl":{"start":{"line":169,"column":17},"end":{"line":169,"column":18}},"loc":{"start":{"line":169,"column":25},"end":{"line":174,"column":13}},"line":169},"23":{"name":"(anonymous_23)","decl":{"start":{"line":176,"column":15},"end":{"line":176,"column":16}},"loc":{"start":{"line":176,"column":24},"end":{"line":178,"column":9}},"line":176}},"branchMap":{"0":{"loc":{"start":{"line":9,"column":9},"end":{"line":27,"column":11}},"type":"cond-expr","locations":[{"start":{"line":10,"column":4},"end":{"line":27,"column":6}},{"start":{"line":27,"column":9},"end":{"line":27,"column":11}}],"line":9},"1":{"loc":{"start":{"line":9,"column":10},"end":{"line":9,"column":29}},"type":"binary-expr","locations":[{"start":{"line":9,"column":10},"end":{"line":9,"column":14}},{"start":{"line":9,"column":18},"end":{"line":9,"column":29}}],"line":9},"2":{"loc":{"start":{"line":14,"column":6},"end":{"line":24,"column":7}},"type":"if","locations":[{"start":{"line":14,"column":6},"end":{"line":24,"column":7}},{"start":{"line":14,"column":6},"end":{"line":24,"column":7}}],"line":14},"3":{"loc":{"start":{"line":32,"column":20},"end":{"line":33,"column":40}},"type":"cond-expr","locations":[{"start":{"line":33,"column":4},"end":{"line":33,"column":35}},{"start":{"line":33,"column":38},"end":{"line":33,"column":40}}],"line":32},"4":{"loc":{"start":{"line":34,"column":19},"end":{"line":35,"column":55}},"type":"cond-expr","locations":[{"start":{"line":35,"column":4},"end":{"line":35,"column":35}},{"start":{"line":35,"column":38},"end":{"line":35,"column":55}}],"line":34},"5":{"loc":{"start":{"line":56,"column":9},"end":{"line":56,"column":76}},"type":"cond-expr","locations":[{"start":{"line":56,"column":33},"end":{"line":56,"column":71}},{"start":{"line":56,"column":74},"end":{"line":56,"column":76}}],"line":56},"6":{"loc":{"start":{"line":56,"column":9},"end":{"line":56,"column":30}},"type":"binary-expr","locations":[{"start":{"line":56,"column":9},"end":{"line":56,"column":14}},{"start":{"line":56,"column":18},"end":{"line":56,"column":30}}],"line":56},"7":{"loc":{"start":{"line":60,"column":2},"end":{"line":67,"column":3}},"type":"switch","locations":[{"start":{"line":61,"column":4},"end":{"line":62,"column":22}},{"start":{"line":63,"column":4},"end":{"line":64,"column":23}},{"start":{"line":65,"column":4},"end":{"line":66,"column":22}}],"line":60},"8":{"loc":{"start":{"line":85,"column":4},"end":{"line":85,"column":96}},"type":"if","locations":[{"start":{"line":85,"column":4},"end":{"line":85,"column":96}},{"start":{"line":85,"column":4},"end":{"line":85,"column":96}}],"line":85},"9":{"loc":{"start":{"line":92,"column":4},"end":{"line":92,"column":75}},"type":"if","locations":[{"start":{"line":92,"column":4},"end":{"line":92,"column":75}},{"start":{"line":92,"column":4},"end":{"line":92,"column":75}}],"line":92},"10":{"loc":{"start":{"line":92,"column":8},"end":{"line":92,"column":57}},"type":"binary-expr","locations":[{"start":{"line":92,"column":8},"end":{"line":92,"column":34}},{"start":{"line":92,"column":38},"end":{"line":92,"column":57}}],"line":92},"11":{"loc":{"start":{"line":93,"column":4},"end":{"line":93,"column":71}},"type":"if","locations":[{"start":{"line":93,"column":4},"end":{"line":93,"column":71}},{"start":{"line":93,"column":4},"end":{"line":93,"column":71}}],"line":93},"12":{"loc":{"start":{"line":93,"column":8},"end":{"line":93,"column":52}},"type":"binary-expr","locations":[{"start":{"line":93,"column":8},"end":{"line":93,"column":29}},{"start":{"line":93,"column":33},"end":{"line":93,"column":52}}],"line":93},"13":{"loc":{"start":{"line":94,"column":4},"end":{"line":110,"column":5}},"type":"if","locations":[{"start":{"line":94,"column":4},"end":{"line":110,"column":5}},{"start":{"line":94,"column":4},"end":{"line":110,"column":5}}],"line":94},"14":{"loc":{"start":{"line":140,"column":4},"end":{"line":140,"column":76}},"type":"if","locations":[{"start":{"line":140,"column":4},"end":{"line":140,"column":76}},{"start":{"line":140,"column":4},"end":{"line":140,"column":76}}],"line":140},"15":{"loc":{"start":{"line":140,"column":8},"end":{"line":140,"column":58}},"type":"binary-expr","locations":[{"start":{"line":140,"column":8},"end":{"line":140,"column":34}},{"start":{"line":140,"column":38},"end":{"line":140,"column":58}}],"line":140},"16":{"loc":{"start":{"line":141,"column":4},"end":{"line":141,"column":76}},"type":"if","locations":[{"start":{"line":141,"column":4},"end":{"line":141,"column":76}},{"start":{"line":141,"column":4},"end":{"line":141,"column":76}}],"line":141},"17":{"loc":{"start":{"line":141,"column":8},"end":{"line":141,"column":56}},"type":"binary-expr","locations":[{"start":{"line":141,"column":8},"end":{"line":141,"column":32}},{"start":{"line":141,"column":36},"end":{"line":141,"column":56}}],"line":141},"18":{"loc":{"start":{"line":142,"column":4},"end":{"line":152,"column":5}},"type":"if","locations":[{"start":{"line":142,"column":4},"end":{"line":152,"column":5}},{"start":{"line":142,"column":4},"end":{"line":152,"column":5}}],"line":142},"19":{"loc":{"start":{"line":163,"column":4},"end":{"line":179,"column":5}},"type":"if","locations":[{"start":{"line":163,"column":4},"end":{"line":179,"column":5}},{"start":{"line":163,"column":4},"end":{"line":179,"column":5}}],"line":163}},"s":{"0":6,"1":44,"2":104,"3":104,"4":104,"5":6,"6":6,"7":6,"8":6,"9":6,"10":6,"11":6,"12":6,"13":6,"14":5,"15":3,"16":1,"17":1,"18":14,"19":14,"20":14,"21":14,"22":0,"23":14,"24":0,"25":14,"26":0,"27":14,"28":14,"29":1,"30":1,"31":1,"32":1,"33":0,"34":3,"35":3,"36":2,"37":3,"38":2,"39":3,"40":2,"41":8,"42":2,"43":2,"44":2,"45":2,"46":1,"47":1,"48":1,"49":1,"50":3,"51":3,"52":0,"53":3,"54":0,"55":14,"56":1,"57":1,"58":1,"59":14,"60":1,"61":1,"62":1,"63":5,"64":5,"65":5,"66":5,"67":5,"68":5,"69":5,"70":5,"71":5,"72":0,"73":0,"74":0,"75":5,"76":20,"77":3,"78":5,"79":14,"80":5,"81":5,"82":3,"83":12,"84":2},"f":{"0":44,"1":104,"2":6,"3":6,"4":6,"5":5,"6":14,"7":0,"8":0,"9":0,"10":1,"11":3,"12":8,"13":0,"14":0,"15":1,"16":1,"17":5,"18":20,"19":3,"20":5,"21":3,"22":12,"23":2},"b":{"0":[26,18],"1":[44,26],"2":[104,0],"3":[0,6],"4":[0,6],"5":[5,1],"6":[6,6],"7":[3,1,1],"8":[0,1],"9":[2,1],"10":[3,3],"11":[2,1],"12":[3,1],"13":[2,1],"14":[5,0],"15":[5,2],"16":[5,0],"17":[5,2],"18":[5,0],"19":[5,0]},"_coverageSchema":"1a1c01bbd47fc00a2c39e90264f33305004495a9","hash":"c34dca908df9c89da944704129d139af6da6c116"}
,"C:\\Users\\arrah\\Openclassrooms\\P9_arrahmani_samir\\Billed-app-FR-Front\\src\\containers\\Login.js": {"path":"C:\\Users\\arrah\\Openclassrooms\\P9_arrahmani_samir\\Billed-app-FR-Front\\src\\containers\\Login.js","statementMap":{"0":{"start":{"line":3,"column":31},"end":{"line":3,"column":33}},"1":{"start":{"line":8,"column":4},"end":{"line":8,"column":28}},"2":{"start":{"line":9,"column":4},"end":{"line":9,"column":36}},"3":{"start":{"line":10,"column":4},"end":{"line":10,"column":32}},"4":{"start":{"line":11,"column":4},"end":{"line":11,"column":46}},"5":{"start":{"line":12,"column":4},"end":{"line":12,"column":22}},"6":{"start":{"line":13,"column":25},"end":{"line":13,"column":89}},"7":{"start":{"line":14,"column":4},"end":{"line":14,"column":70}},"8":{"start":{"line":15,"column":22},"end":{"line":15,"column":83}},"9":{"start":{"line":16,"column":4},"end":{"line":16,"column":64}},"10":{"start":{"line":19,"column":25},"end":{"line":39,"column":3}},"11":{"start":{"line":20,"column":4},"end":{"line":20,"column":22}},"12":{"start":{"line":21,"column":17},"end":{"line":26,"column":5}},"13":{"start":{"line":27,"column":4},"end":{"line":27,"column":59}},"14":{"start":{"line":28,"column":4},"end":{"line":37,"column":8}},"15":{"start":{"line":30,"column":17},"end":{"line":30,"column":38}},"16":{"start":{"line":33,"column":8},"end":{"line":33,"column":45}},"17":{"start":{"line":34,"column":8},"end":{"line":34,"column":53}},"18":{"start":{"line":35,"column":8},"end":{"line":35,"column":50}},"19":{"start":{"line":36,"column":8},"end":{"line":36,"column":57}},"20":{"start":{"line":42,"column":22},"end":{"line":61,"column":3}},"21":{"start":{"line":43,"column":4},"end":{"line":43,"column":22}},"22":{"start":{"line":44,"column":17},"end":{"line":49,"column":5}},"23":{"start":{"line":50,"column":4},"end":{"line":50,"column":59}},"24":{"start":{"line":51,"column":4},"end":{"line":60,"column":8}},"25":{"start":{"line":53,"column":17},"end":{"line":53,"column":38}},"26":{"start":{"line":56,"column":8},"end":{"line":56,"column":49}},"27":{"start":{"line":57,"column":8},"end":{"line":57,"column":57}},"28":{"start":{"line":58,"column":8},"end":{"line":58,"column":50}},"29":{"start":{"line":59,"column":8},"end":{"line":59,"column":52}},"30":{"start":{"line":64,"column":10},"end":{"line":76,"column":3}},"31":{"start":{"line":65,"column":4},"end":{"line":75,"column":5}},"32":{"start":{"line":66,"column":6},"end":{"line":72,"column":10}},"33":{"start":{"line":71,"column":10},"end":{"line":71,"column":42}},"34":{"start":{"line":74,"column":6},"end":{"line":74,"column":17}},"35":{"start":{"line":79,"column":15},"end":{"line":98,"column":3}},"36":{"start":{"line":80,"column":4},"end":{"line":97,"column":5}},"37":{"start":{"line":81,"column":6},"end":{"line":94,"column":10}},"38":{"start":{"line":92,"column":10},"end":{"line":92,"column":59}},"39":{"start":{"line":93,"column":10},"end":{"line":93,"column":33}},"40":{"start":{"line":96,"column":6},"end":{"line":96,"column":17}}},"fnMap":{"0":{"name":"(anonymous_0)","decl":{"start":{"line":7,"column":2},"end":{"line":7,"column":3}},"loc":{"start":{"line":7,"column":78},"end":{"line":17,"column":3}},"line":7},"1":{"name":"(anonymous_1)","decl":{"start":{"line":19,"column":25},"end":{"line":19,"column":26}},"loc":{"start":{"line":19,"column":30},"end":{"line":39,"column":3}},"line":19},"2":{"name":"(anonymous_2)","decl":{"start":{"line":30,"column":8},"end":{"line":30,"column":9}},"loc":{"start":{"line":30,"column":17},"end":{"line":30,"column":38}},"line":30},"3":{"name":"(anonymous_3)","decl":{"start":{"line":32,"column":12},"end":{"line":32,"column":13}},"loc":{"start":{"line":32,"column":18},"end":{"line":37,"column":7}},"line":32},"4":{"name":"(anonymous_4)","decl":{"start":{"line":42,"column":22},"end":{"line":42,"column":23}},"loc":{"start":{"line":42,"column":27},"end":{"line":61,"column":3}},"line":42},"5":{"name":"(anonymous_5)","decl":{"start":{"line":53,"column":8},"end":{"line":53,"column":9}},"loc":{"start":{"line":53,"column":17},"end":{"line":53,"column":38}},"line":53},"6":{"name":"(anonymous_6)","decl":{"start":{"line":55,"column":12},"end":{"line":55,"column":13}},"loc":{"start":{"line":55,"column":18},"end":{"line":60,"column":7}},"line":55},"7":{"name":"(anonymous_7)","decl":{"start":{"line":64,"column":10},"end":{"line":64,"column":11}},"loc":{"start":{"line":64,"column":20},"end":{"line":76,"column":3}},"line":64},"8":{"name":"(anonymous_8)","decl":{"start":{"line":70,"column":17},"end":{"line":70,"column":18}},"loc":{"start":{"line":70,"column":28},"end":{"line":72,"column":9}},"line":70},"9":{"name":"(anonymous_9)","decl":{"start":{"line":79,"column":15},"end":{"line":79,"column":16}},"loc":{"start":{"line":79,"column":25},"end":{"line":98,"column":3}},"line":79},"10":{"name":"(anonymous_10)","decl":{"start":{"line":91,"column":14},"end":{"line":91,"column":15}},"loc":{"start":{"line":91,"column":20},"end":{"line":94,"column":9}},"line":91}},"branchMap":{"0":{"loc":{"start":{"line":65,"column":4},"end":{"line":75,"column":5}},"type":"if","locations":[{"start":{"line":65,"column":4},"end":{"line":75,"column":5}},{"start":{"line":65,"column":4},"end":{"line":75,"column":5}}],"line":65},"1":{"loc":{"start":{"line":80,"column":4},"end":{"line":97,"column":5}},"type":"if","locations":[{"start":{"line":80,"column":4},"end":{"line":97,"column":5}},{"start":{"line":80,"column":4},"end":{"line":97,"column":5}}],"line":80}},"s":{"0":3,"1":4,"2":4,"3":4,"4":4,"5":4,"6":4,"7":4,"8":4,"9":4,"10":4,"11":2,"12":2,"13":2,"14":2,"15":0,"16":2,"17":2,"18":2,"19":2,"20":4,"21":2,"22":2,"23":2,"24":2,"25":0,"26":2,"27":2,"28":2,"29":2,"30":4,"31":0,"32":0,"33":0,"34":0,"35":4,"36":0,"37":0,"38":0,"39":0,"40":0},"f":{"0":4,"1":2,"2":0,"3":2,"4":2,"5":0,"6":2,"7":0,"8":0,"9":0,"10":0},"b":{"0":[0,0],"1":[0,0]},"_coverageSchema":"1a1c01bbd47fc00a2c39e90264f33305004495a9","hash":"1685d3eaffcf38e5ddebf762bbf81ca5277176bd"}
,"C:\\Users\\arrah\\Openclassrooms\\P9_arrahmani_samir\\Billed-app-FR-Front\\src\\containers\\Logout.js": {"path":"C:\\Users\\arrah\\Openclassrooms\\P9_arrahmani_samir\\Billed-app-FR-Front\\src\\containers\\Logout.js","statementMap":{"0":{"start":{"line":5,"column":4},"end":{"line":5,"column":28}},"1":{"start":{"line":6,"column":4},"end":{"line":6,"column":32}},"2":{"start":{"line":7,"column":4},"end":{"line":7,"column":36}},"3":{"start":{"line":8,"column":4},"end":{"line":8,"column":51}},"4":{"start":{"line":11,"column":16},"end":{"line":14,"column":3}},"5":{"start":{"line":12,"column":4},"end":{"line":12,"column":29}},"6":{"start":{"line":13,"column":4},"end":{"line":13,"column":41}}},"fnMap":{"0":{"name":"(anonymous_0)","decl":{"start":{"line":4,"column":2},"end":{"line":4,"column":3}},"loc":{"start":{"line":4,"column":52},"end":{"line":9,"column":3}},"line":4},"1":{"name":"(anonymous_1)","decl":{"start":{"line":11,"column":16},"end":{"line":11,"column":17}},"loc":{"start":{"line":11,"column":23},"end":{"line":14,"column":3}},"line":11}},"branchMap":{},"s":{"0":16,"1":16,"2":16,"3":16,"4":16,"5":2,"6":2},"f":{"0":16,"1":2},"b":{},"_coverageSchema":"1a1c01bbd47fc00a2c39e90264f33305004495a9","hash":"d75912036d180ad72de8bb8c824121451125a258"}
,"C:\\Users\\arrah\\Openclassrooms\\P9_arrahmani_samir\\Billed-app-FR-Front\\src\\containers\\NewBill.js": {"path":"C:\\Users\\arrah\\Openclassrooms\\P9_arrahmani_samir\\Billed-app-FR-Front\\src\\containers\\NewBill.js","statementMap":{"0":{"start":{"line":6,"column":4},"end":{"line":6,"column":28}},"1":{"start":{"line":7,"column":4},"end":{"line":7,"column":32}},"2":{"start":{"line":8,"column":4},"end":{"line":8,"column":22}},"3":{"start":{"line":9,"column":24},"end":{"line":9,"column":88}},"4":{"start":{"line":10,"column":4},"end":{"line":10,"column":61}},"5":{"start":{"line":11,"column":17},"end":{"line":11,"column":73}},"6":{"start":{"line":12,"column":4},"end":{"line":12,"column":58}},"7":{"start":{"line":13,"column":4},"end":{"line":13,"column":23}},"8":{"start":{"line":14,"column":4},"end":{"line":14,"column":24}},"9":{"start":{"line":15,"column":4},"end":{"line":15,"column":22}},"10":{"start":{"line":16,"column":4},"end":{"line":16,"column":52}},"11":{"start":{"line":20,"column":21},"end":{"line":53,"column":3}},"12":{"start":{"line":21,"column":4},"end":{"line":21,"column":22}},"13":{"start":{"line":22,"column":22},"end":{"line":22,"column":63}},"14":{"start":{"line":23,"column":24},"end":{"line":23,"column":69}},"15":{"start":{"line":24,"column":17},"end":{"line":24,"column":82}},"16":{"start":{"line":25,"column":21},"end":{"line":25,"column":48}},"17":{"start":{"line":26,"column":21},"end":{"line":26,"column":50}},"18":{"start":{"line":27,"column":21},"end":{"line":27,"column":35}},"19":{"start":{"line":28,"column":18},"end":{"line":28,"column":64}},"20":{"start":{"line":29,"column":30},"end":{"line":29,"column":52}},"21":{"start":{"line":30,"column":4},"end":{"line":52,"column":5}},"22":{"start":{"line":31,"column":6},"end":{"line":31,"column":46}},"23":{"start":{"line":32,"column":6},"end":{"line":32,"column":35}},"24":{"start":{"line":33,"column":6},"end":{"line":33,"column":37}},"25":{"start":{"line":34,"column":6},"end":{"line":34,"column":32}},"26":{"start":{"line":35,"column":6},"end":{"line":48,"column":47}},"27":{"start":{"line":44,"column":10},"end":{"line":44,"column":45}},"28":{"start":{"line":45,"column":10},"end":{"line":45,"column":27}},"29":{"start":{"line":46,"column":10},"end":{"line":46,"column":32}},"30":{"start":{"line":47,"column":10},"end":{"line":47,"column":34}},"31":{"start":{"line":48,"column":26},"end":{"line":48,"column":46}},"32":{"start":{"line":50,"column":6},"end":{"line":50,"column":113}},"33":{"start":{"line":51,"column":6},"end":{"line":51,"column":46}},"34":{"start":{"line":55,"column":17},"end":{"line":74,"column":3}},"35":{"start":{"line":56,"column":4},"end":{"line":56,"column":22}},"36":{"start":{"line":57,"column":4},"end":{"line":57,"column":147}},"37":{"start":{"line":58,"column":18},"end":{"line":58,"column":64}},"38":{"start":{"line":59,"column":17},"end":{"line":71,"column":5}},"39":{"start":{"line":72,"column":4},"end":{"line":72,"column":25}},"40":{"start":{"line":73,"column":4},"end":{"line":73,"column":41}},"41":{"start":{"line":77,"column":15},"end":{"line":87,"column":3}},"42":{"start":{"line":78,"column":4},"end":{"line":86,"column":5}},"43":{"start":{"line":79,"column":6},"end":{"line":85,"column":45}},"44":{"start":{"line":83,"column":10},"end":{"line":83,"column":47}},"45":{"start":{"line":85,"column":24},"end":{"line":85,"column":44}}},"fnMap":{"0":{"name":"(anonymous_0)","decl":{"start":{"line":5,"column":2},"end":{"line":5,"column":3}},"loc":{"start":{"line":5,"column":59},"end":{"line":17,"column":3}},"line":5},"1":{"name":"(anonymous_1)","decl":{"start":{"line":20,"column":21},"end":{"line":20,"column":22}},"loc":{"start":{"line":20,"column":26},"end":{"line":53,"column":3}},"line":20},"2":{"name":"(anonymous_2)","decl":{"start":{"line":43,"column":14},"end":{"line":43,"column":15}},"loc":{"start":{"line":43,"column":34},"end":{"line":48,"column":9}},"line":43},"3":{"name":"(anonymous_3)","decl":{"start":{"line":48,"column":17},"end":{"line":48,"column":18}},"loc":{"start":{"line":48,"column":26},"end":{"line":48,"column":46}},"line":48},"4":{"name":"(anonymous_4)","decl":{"start":{"line":55,"column":17},"end":{"line":55,"column":18}},"loc":{"start":{"line":55,"column":22},"end":{"line":74,"column":3}},"line":55},"5":{"name":"(anonymous_5)","decl":{"start":{"line":77,"column":15},"end":{"line":77,"column":16}},"loc":{"start":{"line":77,"column":25},"end":{"line":87,"column":3}},"line":77},"6":{"name":"(anonymous_6)","decl":{"start":{"line":82,"column":14},"end":{"line":82,"column":15}},"loc":{"start":{"line":82,"column":20},"end":{"line":84,"column":9}},"line":82},"7":{"name":"(anonymous_7)","decl":{"start":{"line":85,"column":15},"end":{"line":85,"column":16}},"loc":{"start":{"line":85,"column":24},"end":{"line":85,"column":44}},"line":85}},"branchMap":{"0":{"loc":{"start":{"line":30,"column":4},"end":{"line":52,"column":5}},"type":"if","locations":[{"start":{"line":30,"column":4},"end":{"line":52,"column":5}},{"start":{"line":30,"column":4},"end":{"line":52,"column":5}}],"line":30},"1":{"loc":{"start":{"line":66,"column":11},"end":{"line":66,"column":83}},"type":"binary-expr","locations":[{"start":{"line":66,"column":11},"end":{"line":66,"column":77}},{"start":{"line":66,"column":81},"end":{"line":66,"column":83}}],"line":66},"2":{"loc":{"start":{"line":78,"column":4},"end":{"line":86,"column":5}},"type":"if","locations":[{"start":{"line":78,"column":4},"end":{"line":86,"column":5}},{"start":{"line":78,"column":4},"end":{"line":86,"column":5}}],"line":78}},"s":{"0":0,"1":0,"2":0,"3":0,"4":0,"5":0,"6":0,"7":0,"8":0,"9":0,"10":0,"11":0,"12":0,"13":0,"14":0,"15":0,"16":0,"17":0,"18":0,"19":0,"20":0,"21":0,"22":0,"23":0,"24":0,"25":0,"26":0,"27":0,"28":0,"29":0,"30":0,"31":0,"32":0,"33":0,"34":0,"35":0,"36":0,"37":0,"38":0,"39":0,"40":0,"41":0,"42":0,"43":0,"44":0,"45":0},"f":{"0":0,"1":0,"2":0,"3":0,"4":0,"5":0,"6":0,"7":0},"b":{"0":[0,0],"1":[0,0],"2":[0,0]},"_coverageSchema":"1a1c01bbd47fc00a2c39e90264f33305004495a9","hash":"e37acce19affd7cb909af3e8170bb2fb327938e5"}
,"C:\\Users\\arrah\\Openclassrooms\\P9_arrahmani_samir\\Billed-app-FR-Front\\src\\views\\Actions.js": {"path":"C:\\Users\\arrah\\Openclassrooms\\P9_arrahmani_samir\\Billed-app-FR-Front\\src\\views\\Actions.js","statementMap":{"0":{"start":{"line":5,"column":2},"end":{"line":11,"column":3}}},"fnMap":{"0":{"name":"(anonymous_0)","decl":{"start":{"line":4,"column":15},"end":{"line":4,"column":16}},"loc":{"start":{"line":4,"column":28},"end":{"line":12,"column":1}},"line":4}},"branchMap":{},"s":{"0":6},"f":{"0":6},"b":{},"_coverageSchema":"1a1c01bbd47fc00a2c39e90264f33305004495a9","hash":"82f4f648beca2681e3092720aac47fb8be56edb7"}
,"C:\\Users\\arrah\\Openclassrooms\\P9_arrahmani_samir\\Billed-app-FR-Front\\src\\views\\BillsUI.js": {"path":"C:\\Users\\arrah\\Openclassrooms\\P9_arrahmani_samir\\Billed-app-FR-Front\\src\\views\\BillsUI.js","statementMap":{"0":{"start":{"line":7,"column":12},"end":{"line":20,"column":1}},"1":{"start":{"line":8,"column":2},"end":{"line":19,"column":6}},"2":{"start":{"line":23,"column":13},"end":{"line":33,"column":1}},"3":{"start":{"line":24,"column":2},"end":{"line":32,"column":3}},"4":{"start":{"line":25,"column":4},"end":{"line":25,"column":33}},"5":{"start":{"line":26,"column":4},"end":{"line":29,"column":15}},"6":{"start":{"line":27,"column":22},"end":{"line":27,"column":48}},"7":{"start":{"line":28,"column":21},"end":{"line":28,"column":30}},"8":{"start":{"line":31,"column":4},"end":{"line":31,"column":13}},"9":{"start":{"line":37,"column":16},"end":{"line":52,"column":4}},"10":{"start":{"line":37,"column":23},"end":{"line":52,"column":3}},"11":{"start":{"line":54,"column":2},"end":{"line":58,"column":3}},"12":{"start":{"line":55,"column":4},"end":{"line":55,"column":24}},"13":{"start":{"line":56,"column":9},"end":{"line":58,"column":3}},"14":{"start":{"line":57,"column":4},"end":{"line":57,"column":27}},"15":{"start":{"line":60,"column":2},"end":{"line":88,"column":3}}},"fnMap":{"0":{"name":"(anonymous_0)","decl":{"start":{"line":7,"column":12},"end":{"line":7,"column":13}},"loc":{"start":{"line":7,"column":22},"end":{"line":20,"column":1}},"line":7},"1":{"name":"(anonymous_1)","decl":{"start":{"line":23,"column":13},"end":{"line":23,"column":14}},"loc":{"start":{"line":23,"column":23},"end":{"line":33,"column":1}},"line":23},"2":{"name":"(anonymous_2)","decl":{"start":{"line":27,"column":12},"end":{"line":27,"column":13}},"loc":{"start":{"line":27,"column":22},"end":{"line":27,"column":48}},"line":27},"3":{"name":"(anonymous_3)","decl":{"start":{"line":28,"column":11},"end":{"line":28,"column":12}},"loc":{"start":{"line":28,"column":21},"end":{"line":28,"column":30}},"line":28},"4":{"name":"(anonymous_4)","decl":{"start":{"line":35,"column":15},"end":{"line":35,"column":16}},"loc":{"start":{"line":35,"column":50},"end":{"line":89,"column":1}},"line":35},"5":{"name":"(anonymous_5)","decl":{"start":{"line":37,"column":16},"end":{"line":37,"column":17}},"loc":{"start":{"line":37,"column":23},"end":{"line":52,"column":3}},"line":37}},"branchMap":{"0":{"loc":{"start":{"line":24,"column":2},"end":{"line":32,"column":3}},"type":"if","locations":[{"start":{"line":24,"column":2},"end":{"line":32,"column":3}},{"start":{"line":24,"column":2},"end":{"line":32,"column":3}}],"line":24},"1":{"loc":{"start":{"line":24,"column":6},"end":{"line":24,"column":25}},"type":"binary-expr","locations":[{"start":{"line":24,"column":6},"end":{"line":24,"column":10}},{"start":{"line":24,"column":14},"end":{"line":24,"column":25}}],"line":24},"2":{"loc":{"start":{"line":27,"column":22},"end":{"line":27,"column":48}},"type":"cond-expr","locations":[{"start":{"line":27,"column":42},"end":{"line":27,"column":43}},{"start":{"line":27,"column":46},"end":{"line":27,"column":48}}],"line":27},"3":{"loc":{"start":{"line":54,"column":2},"end":{"line":58,"column":3}},"type":"if","locations":[{"start":{"line":54,"column":2},"end":{"line":58,"column":3}},{"start":{"line":54,"column":2},"end":{"line":58,"column":3}}],"line":54},"4":{"loc":{"start":{"line":56,"column":9},"end":{"line":58,"column":3}},"type":"if","locations":[{"start":{"line":56,"column":9},"end":{"line":58,"column":3}},{"start":{"line":56,"column":9},"end":{"line":58,"column":3}}],"line":56}},"s":{"0":6,"1":4,"2":6,"3":4,"4":1,"5":1,"6":6,"7":4,"8":3,"9":6,"10":4,"11":6,"12":1,"13":5,"14":1,"15":4},"f":{"0":4,"1":4,"2":6,"3":4,"4":6,"5":4},"b":{"0":[1,3],"1":[4,2],"2":[3,3],"3":[1,5],"4":[1,4]},"_coverageSchema":"1a1c01bbd47fc00a2c39e90264f33305004495a9","hash":"d52941f63998ab9b343f7e9c2bbe77d1c45d7f17"}
,"C:\\Users\\arrah\\Openclassrooms\\P9_arrahmani_samir\\Billed-app-FR-Front\\src\\views\\DashboardFormUI.js": {"path":"C:\\Users\\arrah\\Openclassrooms\\P9_arrahmani_samir\\Billed-app-FR-Front\\src\\views\\DashboardFormUI.js","statementMap":{"0":{"start":{"line":7,"column":21},"end":{"line":22,"column":4}},"1":{"start":{"line":7,"column":28},"end":{"line":22,"column":3}},"2":{"start":{"line":26,"column":2},"end":{"line":101,"column":4}}},"fnMap":{"0":{"name":"(anonymous_0)","decl":{"start":{"line":7,"column":21},"end":{"line":7,"column":22}},"loc":{"start":{"line":7,"column":28},"end":{"line":22,"column":3}},"line":7},"1":{"name":"(anonymous_1)","decl":{"start":{"line":24,"column":15},"end":{"line":24,"column":16}},"loc":{"start":{"line":24,"column":25},"end":{"line":102,"column":1}},"line":24}},"branchMap":{"0":{"loc":{"start":{"line":79,"column":9},"end":{"line":89,"column":9}},"type":"cond-expr","locations":[{"start":{"line":79,"column":38},"end":{"line":84,"column":8}},{"start":{"line":84,"column":13},"end":{"line":89,"column":8}}],"line":79},"1":{"loc":{"start":{"line":92,"column":8},"end":{"line":97,"column":13}},"type":"cond-expr","locations":[{"start":{"line":92,"column":37},"end":{"line":97,"column":7}},{"start":{"line":97,"column":11},"end":{"line":97,"column":13}}],"line":92}},"s":{"0":7,"1":9,"2":9},"f":{"0":9,"1":9},"b":{"0":[6,3],"1":[6,3]},"_coverageSchema":"1a1c01bbd47fc00a2c39e90264f33305004495a9","hash":"4822f0da8082ba687b9a0fa144ec2cec44e528bf"}
,"C:\\Users\\arrah\\Openclassrooms\\P9_arrahmani_samir\\Billed-app-FR-Front\\src\\views\\DashboardUI.js": {"path":"C:\\Users\\arrah\\Openclassrooms\\P9_arrahmani_samir\\Billed-app-FR-Front\\src\\views\\DashboardUI.js","statementMap":{"0":{"start":{"line":10,"column":2},"end":{"line":14,"column":3}},"1":{"start":{"line":11,"column":4},"end":{"line":11,"column":24}},"2":{"start":{"line":12,"column":9},"end":{"line":14,"column":3}},"3":{"start":{"line":13,"column":4},"end":{"line":13,"column":27}},"4":{"start":{"line":16,"column":2},"end":{"line":48,"column":3}}},"fnMap":{"0":{"name":"(anonymous_0)","decl":{"start":{"line":8,"column":15},"end":{"line":8,"column":16}},"loc":{"start":{"line":8,"column":43},"end":{"line":49,"column":1}},"line":8}},"branchMap":{"0":{"loc":{"start":{"line":10,"column":2},"end":{"line":14,"column":3}},"type":"if","locations":[{"start":{"line":10,"column":2},"end":{"line":14,"column":3}},{"start":{"line":10,"column":2},"end":{"line":14,"column":3}}],"line":10},"1":{"loc":{"start":{"line":12,"column":9},"end":{"line":14,"column":3}},"type":"if","locations":[{"start":{"line":12,"column":9},"end":{"line":14,"column":3}},{"start":{"line":12,"column":9},"end":{"line":14,"column":3}}],"line":12},"2":{"loc":{"start":{"line":22,"column":45},"end":{"line":22,"column":63}},"type":"binary-expr","locations":[{"start":{"line":22,"column":45},"end":{"line":22,"column":49}},{"start":{"line":22,"column":53},"end":{"line":22,"column":63}}],"line":22},"3":{"loc":{"start":{"line":29,"column":43},"end":{"line":29,"column":61}},"type":"binary-expr","locations":[{"start":{"line":29,"column":43},"end":{"line":29,"column":47}},{"start":{"line":29,"column":51},"end":{"line":29,"column":61}}],"line":29},"4":{"loc":{"start":{"line":36,"column":43},"end":{"line":36,"column":61}},"type":"binary-expr","locations":[{"start":{"line":36,"column":43},"end":{"line":36,"column":47}},{"start":{"line":36,"column":51},"end":{"line":36,"column":61}}],"line":36}},"s":{"0":21,"1":6,"2":15,"3":3,"4":12},"f":{"0":21},"b":{"0":[6,15],"1":[3,12],"2":[12,7],"3":[12,7],"4":[12,7]},"_coverageSchema":"1a1c01bbd47fc00a2c39e90264f33305004495a9","hash":"7c4e5165b2d0825ec9d2bd5385758cc55b0a2cfe"}
,"C:\\Users\\arrah\\Openclassrooms\\P9_arrahmani_samir\\Billed-app-FR-Front\\src\\views\\ErrorPage.js": {"path":"C:\\Users\\arrah\\Openclassrooms\\P9_arrahmani_samir\\Billed-app-FR-Front\\src\\views\\ErrorPage.js","statementMap":{"0":{"start":{"line":4,"column":2},"end":{"line":15,"column":3}}},"fnMap":{"0":{"name":"(anonymous_0)","decl":{"start":{"line":3,"column":15},"end":{"line":3,"column":16}},"loc":{"start":{"line":3,"column":26},"end":{"line":16,"column":1}},"line":3}},"branchMap":{"0":{"loc":{"start":{"line":12,"column":12},"end":{"line":12,"column":30}},"type":"cond-expr","locations":[{"start":{"line":12,"column":20},"end":{"line":12,"column":25}},{"start":{"line":12,"column":28},"end":{"line":12,"column":30}}],"line":12}},"s":{"0":6},"f":{"0":6},"b":{"0":[5,1]},"_coverageSchema":"1a1c01bbd47fc00a2c39e90264f33305004495a9","hash":"00607e77678588de6aa71f81dda243399a309e38"}
,"C:\\Users\\arrah\\Openclassrooms\\P9_arrahmani_samir\\Billed-app-FR-Front\\src\\views\\LoadingPage.js": {"path":"C:\\Users\\arrah\\Openclassrooms\\P9_arrahmani_samir\\Billed-app-FR-Front\\src\\views\\LoadingPage.js","statementMap":{"0":{"start":{"line":5,"column":2},"end":{"line":12,"column":3}}},"fnMap":{"0":{"name":"(anonymous_0)","decl":{"start":{"line":3,"column":15},"end":{"line":3,"column":16}},"loc":{"start":{"line":3,"column":21},"end":{"line":13,"column":1}},"line":3}},"branchMap":{},"s":{"0":8},"f":{"0":8},"b":{},"_coverageSchema":"1a1c01bbd47fc00a2c39e90264f33305004495a9","hash":"c0df4e58553b25641c3283102621ecf8ed6482bd"}
,"C:\\Users\\arrah\\Openclassrooms\\P9_arrahmani_samir\\Billed-app-FR-Front\\src\\views\\LoginUI.js": {"path":"C:\\Users\\arrah\\Openclassrooms\\P9_arrahmani_samir\\Billed-app-FR-Front\\src\\views\\LoginUI.js","statementMap":{"0":{"start":{"line":3,"column":2},"end":{"line":45,"column":4}}},"fnMap":{"0":{"name":"(anonymous_0)","decl":{"start":{"line":1,"column":15},"end":{"line":1,"column":16}},"loc":{"start":{"line":1,"column":21},"end":{"line":46,"column":1}},"line":1}},"branchMap":{},"s":{"0":14},"f":{"0":14},"b":{},"_coverageSchema":"1a1c01bbd47fc00a2c39e90264f33305004495a9","hash":"ea6ebc7d4c85630e6f042c2c7ed545bc6eb3a4eb"}
,"C:\\Users\\arrah\\Openclassrooms\\P9_arrahmani_samir\\Billed-app-FR-Front\\src\\views\\NewBillUI.js": {"path":"C:\\Users\\arrah\\Openclassrooms\\P9_arrahmani_samir\\Billed-app-FR-Front\\src\\views\\NewBillUI.js","statementMap":{"0":{"start":{"line":5,"column":2},"end":{"line":74,"column":4}}},"fnMap":{"0":{"name":"(anonymous_0)","decl":{"start":{"line":3,"column":15},"end":{"line":3,"column":16}},"loc":{"start":{"line":3,"column":21},"end":{"line":75,"column":1}},"line":3}},"branchMap":{},"s":{"0":2},"f":{"0":2},"b":{},"_coverageSchema":"1a1c01bbd47fc00a2c39e90264f33305004495a9","hash":"938d8b9e02a2224659ac519d1c12f2eedab6b175"}
,"C:\\Users\\arrah\\Openclassrooms\\P9_arrahmani_samir\\Billed-app-FR-Front\\src\\views\\VerticalLayout.js": {"path":"C:\\Users\\arrah\\Openclassrooms\\P9_arrahmani_samir\\Billed-app-FR-Front\\src\\views\\VerticalLayout.js","statementMap":{"0":{"start":{"line":7,"column":2},"end":{"line":7,"column":49}},"1":{"start":{"line":8,"column":2},"end":{"line":10,"column":3}},"2":{"start":{"line":9,"column":4},"end":{"line":9,"column":27}},"3":{"start":{"line":11,"column":2},"end":{"line":39,"column":3}},"4":{"start":{"line":12,"column":4},"end":{"line":27,"column":5}},"5":{"start":{"line":29,"column":4},"end":{"line":38,"column":5}}},"fnMap":{"0":{"name":"(anonymous_0)","decl":{"start":{"line":5,"column":15},"end":{"line":5,"column":16}},"loc":{"start":{"line":5,"column":27},"end":{"line":40,"column":1}},"line":5}},"branchMap":{"0":{"loc":{"start":{"line":8,"column":2},"end":{"line":10,"column":3}},"type":"if","locations":[{"start":{"line":8,"column":2},"end":{"line":10,"column":3}},{"start":{"line":8,"column":2},"end":{"line":10,"column":3}}],"line":8},"1":{"loc":{"start":{"line":11,"column":2},"end":{"line":39,"column":3}},"type":"if","locations":[{"start":{"line":11,"column":2},"end":{"line":39,"column":3}},{"start":{"line":11,"column":2},"end":{"line":39,"column":3}}],"line":11},"2":{"loc":{"start":{"line":11,"column":6},"end":{"line":11,"column":38}},"type":"binary-expr","locations":[{"start":{"line":11,"column":6},"end":{"line":11,"column":10}},{"start":{"line":11,"column":14},"end":{"line":11,"column":38}}],"line":11}},"s":{"0":33,"1":33,"2":20,"3":33,"4":4,"5":29},"f":{"0":33},"b":{"0":[20,13],"1":[4,29],"2":[33,20]},"_coverageSchema":"1a1c01bbd47fc00a2c39e90264f33305004495a9","hash":"4add7cf15073ec185c1a83bb55f0bb990c61964a"}
}
