TN:
SF:src\constants\routes.js
FN:13,(anonymous_0)
FNF:1
FNH:1
FNDA:26,(anonymous_0)
DA:6,6
DA:13,6
DA:14,26
DA:16,7
DA:18,5
DA:20,1
DA:22,12
DA:24,1
LF:8
LH:8
BRDA:14,0,0,7
BRDA:14,0,1,5
BRDA:14,0,2,1
BRDA:14,0,3,12
BRDA:14,0,4,1
BRF:5
BRH:5
end_of_record
TN:
SF:src\constants\usersTest.js
FNF:0
FNH:0
LF:0
LH:0
BRF:0
BRH:0
end_of_record
TN:
SF:src\containers\Bills.js
FN:6,(anonymous_0)
FN:13,(anonymous_1)
FN:14,(anonymous_2)
FN:19,(anonymous_3)
FN:23,(anonymous_4)
FN:31,(anonymous_5)
FN:36,(anonymous_6)
FN:38,(anonymous_7)
FNF:8
FNH:2
FNDA:1,(anonymous_0)
FNDA:0,(anonymous_1)
FNDA:0,(anonymous_2)
FNDA:0,(anonymous_3)
FNDA:0,(anonymous_4)
FNDA:1,(anonymous_5)
FNDA:0,(anonymous_6)
FNDA:0,(anonymous_7)
DA:7,1
DA:8,1
DA:9,1
DA:10,1
DA:11,1
DA:12,1
DA:13,1
DA:14,0
DA:16,1
DA:19,1
DA:20,0
DA:23,1
DA:24,0
DA:25,0
DA:26,0
DA:27,0
DA:31,1
DA:32,1
DA:33,1
DA:37,0
DA:39,0
DA:40,0
DA:48,0
DA:49,0
LF:24
LH:13
BRDA:11,0,0,0
BRDA:11,0,1,1
BRDA:13,1,0,1
BRDA:13,1,1,0
BRDA:27,2,0,0
BRDA:27,2,1,0
BRDA:32,3,0,1
BRDA:32,3,1,0
BRF:8
BRH:3
end_of_record
TN:
SF:src\containers\Dashboard.js
FN:8,(anonymous_0)
FN:10,(anonymous_1)
FN:30,(anonymous_2)
FN:55,(anonymous_3)
FN:56,(anonymous_4)
FN:59,(anonymous_5)
FN:71,(anonymous_6)
FN:75,(anonymous_7)
FN:76,(anonymous_8)
FN:77,(anonymous_9)
FN:81,(anonymous_10)
FN:90,(anonymous_11)
FN:95,(anonymous_12)
FN:112,(anonymous_13)
FN:113,(anonymous_14)
FN:116,(anonymous_15)
FN:126,(anonymous_16)
FN:138,(anonymous_17)
FN:154,(anonymous_18)
FN:155,(anonymous_19)
FN:162,(anonymous_20)
FN:167,(anonymous_21)
FN:169,(anonymous_22)
FN:176,(anonymous_23)
FNF:24
FNH:19
FNDA:44,(anonymous_0)
FNDA:104,(anonymous_1)
FNDA:6,(anonymous_2)
FNDA:6,(anonymous_3)
FNDA:6,(anonymous_4)
FNDA:5,(anonymous_5)
FNDA:14,(anonymous_6)
FNDA:0,(anonymous_7)
FNDA:0,(anonymous_8)
FNDA:0,(anonymous_9)
FNDA:1,(anonymous_10)
FNDA:3,(anonymous_11)
FNDA:8,(anonymous_12)
FNDA:0,(anonymous_13)
FNDA:0,(anonymous_14)
FNDA:1,(anonymous_15)
FNDA:1,(anonymous_16)
FNDA:5,(anonymous_17)
FNDA:20,(anonymous_18)
FNDA:3,(anonymous_19)
FNDA:5,(anonymous_20)
FNDA:3,(anonymous_21)
FNDA:12,(anonymous_22)
FNDA:2,(anonymous_23)
DA:8,6
DA:9,44
DA:14,104
DA:15,104
DA:26,104
DA:30,6
DA:31,6
DA:32,6
DA:34,6
DA:37,6
DA:55,6
DA:56,6
DA:59,6
DA:60,5
DA:62,3
DA:64,1
DA:66,1
DA:72,14
DA:73,14
DA:74,14
DA:75,14
DA:76,14
DA:77,14
DA:78,14
DA:81,14
DA:82,1
DA:83,1
DA:84,1
DA:85,1
DA:91,3
DA:92,3
DA:93,3
DA:94,3
DA:95,2
DA:96,8
DA:98,2
DA:99,2
DA:100,2
DA:101,2
DA:103,1
DA:105,1
DA:108,1
DA:109,1
DA:111,3
DA:112,3
DA:113,3
DA:116,14
DA:117,1
DA:122,1
DA:123,1
DA:126,14
DA:127,1
DA:132,1
DA:133,1
DA:139,5
DA:140,5
DA:141,5
DA:142,5
DA:143,5
DA:144,5
DA:146,5
DA:148,0
DA:149,0
DA:151,0
DA:154,5
DA:155,20
DA:158,5
DA:162,14
DA:163,5
DA:164,5
DA:168,3
DA:169,12
DA:177,2
LF:73
LH:70
BRDA:9,0,0,26
BRDA:9,0,1,18
BRDA:9,1,0,44
BRDA:9,1,1,26
BRDA:14,2,0,104
BRDA:14,2,1,0
BRDA:32,3,0,0
BRDA:32,3,1,6
BRDA:34,4,0,0
BRDA:34,4,1,6
BRDA:56,5,0,5
BRDA:56,5,1,1
BRDA:56,6,0,6
BRDA:56,6,1,6
BRDA:60,7,0,3
BRDA:60,7,1,1
BRDA:60,7,2,1
BRDA:85,8,0,0
BRDA:85,8,1,1
BRDA:92,9,0,2
BRDA:92,9,1,1
BRDA:92,10,0,3
BRDA:92,10,1,3
BRDA:93,11,0,2
BRDA:93,11,1,1
BRDA:93,12,0,3
BRDA:93,12,1,1
BRDA:94,13,0,2
BRDA:94,13,1,1
BRDA:140,14,0,5
BRDA:140,14,1,0
BRDA:140,15,0,5
BRDA:140,15,1,2
BRDA:141,16,0,5
BRDA:141,16,1,0
BRDA:141,17,0,5
BRDA:141,17,1,2
BRDA:142,18,0,5
BRDA:142,18,1,0
BRDA:163,19,0,5
BRDA:163,19,1,0
BRF:41
BRH:33
end_of_record
TN:
SF:src\containers\Login.js
FN:7,(anonymous_0)
FN:19,(anonymous_1)
FN:30,(anonymous_2)
FN:32,(anonymous_3)
FN:42,(anonymous_4)
FN:53,(anonymous_5)
FN:55,(anonymous_6)
FN:64,(anonymous_7)
FN:70,(anonymous_8)
FN:79,(anonymous_9)
FN:91,(anonymous_10)
FNF:11
FNH:5
FNDA:4,(anonymous_0)
FNDA:2,(anonymous_1)
FNDA:0,(anonymous_2)
FNDA:2,(anonymous_3)
FNDA:2,(anonymous_4)
FNDA:0,(anonymous_5)
FNDA:2,(anonymous_6)
FNDA:0,(anonymous_7)
FNDA:0,(anonymous_8)
FNDA:0,(anonymous_9)
FNDA:0,(anonymous_10)
DA:3,3
DA:8,4
DA:9,4
DA:10,4
DA:11,4
DA:12,4
DA:13,4
DA:14,4
DA:15,4
DA:16,4
DA:19,4
DA:20,2
DA:21,2
DA:27,2
DA:28,2
DA:30,0
DA:33,2
DA:34,2
DA:35,2
DA:36,2
DA:42,4
DA:43,2
DA:44,2
DA:50,2
DA:51,2
DA:53,0
DA:56,2
DA:57,2
DA:58,2
DA:59,2
DA:64,4
DA:65,0
DA:66,0
DA:71,0
DA:74,0
DA:79,4
DA:80,0
DA:81,0
DA:92,0
DA:93,0
DA:96,0
LF:41
LH:30
BRDA:65,0,0,0
BRDA:65,0,1,0
BRDA:80,1,0,0
BRDA:80,1,1,0
BRF:4
BRH:0
end_of_record
TN:
SF:src\containers\Logout.js
FN:4,(anonymous_0)
FN:11,(anonymous_1)
FNF:2
FNH:2
FNDA:16,(anonymous_0)
FNDA:2,(anonymous_1)
DA:5,16
DA:6,16
DA:7,16
DA:8,16
DA:11,16
DA:12,2
DA:13,2
LF:7
LH:7
BRF:0
BRH:0
end_of_record
TN:
SF:src\containers\NewBill.js
FN:5,(anonymous_0)
FN:20,(anonymous_1)
FN:43,(anonymous_2)
FN:48,(anonymous_3)
FN:55,(anonymous_4)
FN:77,(anonymous_5)
FN:82,(anonymous_6)
FN:85,(anonymous_7)
FNF:8
FNH:0
FNDA:0,(anonymous_0)
FNDA:0,(anonymous_1)
FNDA:0,(anonymous_2)
FNDA:0,(anonymous_3)
FNDA:0,(anonymous_4)
FNDA:0,(anonymous_5)
FNDA:0,(anonymous_6)
FNDA:0,(anonymous_7)
DA:6,0
DA:7,0
DA:8,0
DA:9,0
DA:10,0
DA:11,0
DA:12,0
DA:13,0
DA:14,0
DA:15,0
DA:16,0
DA:20,0
DA:21,0
DA:22,0
DA:23,0
DA:24,0
DA:25,0
DA:26,0
DA:27,0
DA:28,0
DA:29,0
DA:30,0
DA:31,0
DA:32,0
DA:33,0
DA:34,0
DA:35,0
DA:44,0
DA:45,0
DA:46,0
DA:47,0
DA:48,0
DA:50,0
DA:51,0
DA:55,0
DA:56,0
DA:57,0
DA:58,0
DA:59,0
DA:72,0
DA:73,0
DA:77,0
DA:78,0
DA:79,0
DA:83,0
DA:85,0
LF:46
LH:0
BRDA:30,0,0,0
BRDA:30,0,1,0
BRDA:66,1,0,0
BRDA:66,1,1,0
BRDA:78,2,0,0
BRDA:78,2,1,0
BRF:6
BRH:0
end_of_record
TN:
SF:src\views\Actions.js
FN:4,(anonymous_0)
FNF:1
FNH:1
FNDA:6,(anonymous_0)
DA:5,6
LF:1
LH:1
BRF:0
BRH:0
end_of_record
TN:
SF:src\views\BillsUI.js
FN:7,(anonymous_0)
FN:23,(anonymous_1)
FN:27,(anonymous_2)
FN:28,(anonymous_3)
FN:35,(anonymous_4)
FN:37,(anonymous_5)
FNF:6
FNH:6
FNDA:4,(anonymous_0)
FNDA:4,(anonymous_1)
FNDA:6,(anonymous_2)
FNDA:4,(anonymous_3)
FNDA:6,(anonymous_4)
FNDA:4,(anonymous_5)
DA:7,6
DA:8,4
DA:23,6
DA:24,4
DA:25,1
DA:26,1
DA:27,6
DA:28,4
DA:31,3
DA:37,6
DA:54,6
DA:55,1
DA:56,5
DA:57,1
DA:60,4
LF:15
LH:15
BRDA:24,0,0,1
BRDA:24,0,1,3
BRDA:24,1,0,4
BRDA:24,1,1,2
BRDA:27,2,0,3
BRDA:27,2,1,3
BRDA:54,3,0,1
BRDA:54,3,1,5
BRDA:56,4,0,1
BRDA:56,4,1,4
BRF:10
BRH:10
end_of_record
TN:
SF:src\views\DashboardFormUI.js
FN:7,(anonymous_0)
FN:24,(anonymous_1)
FNF:2
FNH:2
FNDA:9,(anonymous_0)
FNDA:9,(anonymous_1)
DA:7,9
DA:26,9
LF:2
LH:2
BRDA:79,0,0,6
BRDA:79,0,1,3
BRDA:92,1,0,6
BRDA:92,1,1,3
BRF:4
BRH:4
end_of_record
TN:
SF:src\views\DashboardUI.js
FN:8,(anonymous_0)
FNF:1
FNH:1
FNDA:21,(anonymous_0)
DA:10,21
DA:11,6
DA:12,15
DA:13,3
DA:16,12
LF:5
LH:5
BRDA:10,0,0,6
BRDA:10,0,1,15
BRDA:12,1,0,3
BRDA:12,1,1,12
BRDA:22,2,0,12
BRDA:22,2,1,7
BRDA:29,3,0,12
BRDA:29,3,1,7
BRDA:36,4,0,12
BRDA:36,4,1,7
BRF:10
BRH:10
end_of_record
TN:
SF:src\views\ErrorPage.js
FN:3,(anonymous_0)
FNF:1
FNH:1
FNDA:6,(anonymous_0)
DA:4,6
LF:1
LH:1
BRDA:12,0,0,5
BRDA:12,0,1,1
BRF:2
BRH:2
end_of_record
TN:
SF:src\views\LoadingPage.js
FN:3,(anonymous_0)
FNF:1
FNH:1
FNDA:8,(anonymous_0)
DA:5,8
LF:1
LH:1
BRF:0
BRH:0
end_of_record
TN:
SF:src\views\LoginUI.js
FN:1,(anonymous_0)
FNF:1
FNH:1
FNDA:14,(anonymous_0)
DA:3,14
LF:1
LH:1
BRF:0
BRH:0
end_of_record
TN:
SF:src\views\NewBillUI.js
FN:3,(anonymous_0)
FNF:1
FNH:1
FNDA:2,(anonymous_0)
DA:5,2
LF:1
LH:1
BRF:0
BRH:0
end_of_record
TN:
SF:src\views\VerticalLayout.js
FN:5,(anonymous_0)
FNF:1
FNH:1
FNDA:33,(anonymous_0)
DA:7,33
DA:8,33
DA:9,20
DA:11,33
DA:12,4
DA:29,29
LF:6
LH:6
BRDA:8,0,0,20
BRDA:8,0,1,13
BRDA:11,1,0,4
BRDA:11,1,1,29
BRDA:11,2,0,33
BRDA:11,2,1,20
BRF:6
BRH:6
end_of_record
